d:\github\eznn\eznn\x64\debug\vc141.pdb
d:\github\eznn\eznn\x64\debug\vc141.idb
d:\github\eznn\eznn\x64\debug\mynet.obj
d:\github\eznn\eznn\x64\debug\mylayer.obj
d:\github\eznn\eznn\x64\debug\myblob.obj
d:\github\eznn\eznn\x64\debug\main.obj
d:\github\eznn\eznn\x64\debug\vc120.pdb
d:\github\eznn\eznn\x64\debug\vc120.idb
d:\github\eznn\eznn\x64\debug\blob.obj
d:\github\eznn\eznn\x64\debug\layer.obj
d:\github\eznn\eznn\x64\debug\net.obj
d:\github\eznn\x64\debug\eznn.ilk
d:\github\eznn\x64\debug\eznn.exe
d:\github\eznn\x64\debug\eznn.pdb
d:\github\eznn\eznn\x64\debug\eznn.tlog\cl.command.1.tlog
d:\github\eznn\eznn\x64\debug\eznn.tlog\cl.read.1.tlog
d:\github\eznn\eznn\x64\debug\eznn.tlog\cl.write.1.tlog
d:\github\eznn\eznn\x64\debug\eznn.tlog\link.command.1.tlog
d:\github\eznn\eznn\x64\debug\eznn.tlog\link.read.1.tlog
d:\github\eznn\eznn\x64\debug\eznn.tlog\link.write.1.tlog
